C:\Program Files (x86)\Microsoft Visual Studio\2019\Community\MSBuild\Microsoft\VC\v160\Microsoft.CppBuild.targets(452,5): warning MSB8004: Intermediate 디렉터리가 슬래시로 끝나지 않습니다. Intermediate 디렉터리의 적절한 평가를 허용하는 데 필요하므로 이 빌드 인스턴스에서 슬래시를 추가합니다.
C:\Program Files (x86)\Microsoft Visual Studio\2019\Community\MSBuild\Microsoft\VC\v160\Microsoft.CppBuild.targets(453,5): warning MSB8004: Output 디렉터리가 슬래시로 끝나지 않습니다. Output 디렉터리의 적절한 평가를 허용하는 데 필요하므로 이 빌드 인스턴스에서 슬래시를 추가합니다.
C:\Program Files (x86)\Microsoft Visual Studio\2019\Community\MSBuild\Microsoft\VC\v160\Microsoft.CppBuild.targets(467,5): warning MSB8028: 중간 디렉터리(E:\Dev\highp3d\Intermediate\)에 다른 프로젝트(highp3d-Renderer-Opengl-3.3.vcxproj, highp3d-Maths.vcxproj, highp3d-Util.vcxproj, highp3d.vcxproj)에서 공유하는 파일이 포함되어 있습니다.  이로 인해 잘못된 정리 및 다시 빌드 동작이 수행될 수 있습니다.
highp3d-Renderer-Opengl-3.3.lib(hpOpenglCore.obj) : error LNK2019: glfwInit"public: int __cdecl hp::opengl::hpOpenglCore::init(int,int,char const *)" (?init@hpOpenglCore@opengl@hp@@QEAAHHHPEBD@Z) 함수에서 참조되는 확인할 수 없는 외부 기호
highp3d-Renderer-Opengl-3.3.lib(hpOpenglCore.obj) : error LNK2019: glfwSetErrorCallback"public: int __cdecl hp::opengl::hpOpenglCore::init(int,int,char const *)" (?init@hpOpenglCore@opengl@hp@@QEAAHHHPEBD@Z) 함수에서 참조되는 확인할 수 없는 외부 기호
highp3d-Renderer-Opengl-3.3.lib(hpOpenglCore.obj) : error LNK2019: glfwWindowHint"public: int __cdecl hp::opengl::hpOpenglCore::init(int,int,char const *)" (?init@hpOpenglCore@opengl@hp@@QEAAHHHPEBD@Z) 함수에서 참조되는 확인할 수 없는 외부 기호
highp3d-Renderer-Opengl-3.3.lib(hpOpenglCore.obj) : error LNK2019: glfwCreateWindow"public: int __cdecl hp::opengl::hpOpenglCore::init(int,int,char const *)" (?init@hpOpenglCore@opengl@hp@@QEAAHHHPEBD@Z) 함수에서 참조되는 확인할 수 없는 외부 기호
highp3d-Renderer-Opengl-3.3.lib(hpOpenglCore.obj) : error LNK2019: glfwWindowShouldClose"public: void __cdecl hp::opengl::hpOpenglCore::update(void)" (?update@hpOpenglCore@opengl@hp@@QEAAXXZ) 함수에서 참조되는 확인할 수 없는 외부 기호
highp3d-Renderer-Opengl-3.3.lib(hpOpenglCore.obj) : error LNK2019: glfwSetFramebufferSizeCallback"public: int __cdecl hp::opengl::hpOpenglCore::init(int,int,char const *)" (?init@hpOpenglCore@opengl@hp@@QEAAHHHPEBD@Z) 함수에서 참조되는 확인할 수 없는 외부 기호
highp3d-Renderer-Opengl-3.3.lib(hpOpenglCore.obj) : error LNK2019: glfwPollEvents"public: void __cdecl hp::opengl::hpOpenglCore::update(void)" (?update@hpOpenglCore@opengl@hp@@QEAAXXZ) 함수에서 참조되는 확인할 수 없는 외부 기호
highp3d-Renderer-Opengl-3.3.lib(hpOpenglCore.obj) : error LNK2019: glfwSetKeyCallback"public: int __cdecl hp::opengl::hpOpenglCore::init(int,int,char const *)" (?init@hpOpenglCore@opengl@hp@@QEAAHHHPEBD@Z) 함수에서 참조되는 확인할 수 없는 외부 기호
highp3d-Renderer-Opengl-3.3.lib(hpOpenglCore.obj) : error LNK2019: glfwSetCursorPosCallback"public: int __cdecl hp::opengl::hpOpenglCore::init(int,int,char const *)" (?init@hpOpenglCore@opengl@hp@@QEAAHHHPEBD@Z) 함수에서 참조되는 확인할 수 없는 외부 기호
highp3d-Renderer-Opengl-3.3.lib(hpOpenglCore.obj) : error LNK2019: glfwSetScrollCallback"public: int __cdecl hp::opengl::hpOpenglCore::init(int,int,char const *)" (?init@hpOpenglCore@opengl@hp@@QEAAHHHPEBD@Z) 함수에서 참조되는 확인할 수 없는 외부 기호
highp3d-Renderer-Opengl-3.3.lib(hpOpenglCore.obj) : error LNK2019: glfwMakeContextCurrent"public: int __cdecl hp::opengl::hpOpenglCore::init(int,int,char const *)" (?init@hpOpenglCore@opengl@hp@@QEAAHHHPEBD@Z) 함수에서 참조되는 확인할 수 없는 외부 기호
highp3d-Renderer-Opengl-3.3.lib(hpOpenglCore.obj) : error LNK2019: glfwSwapBuffers"public: void __cdecl hp::opengl::hpOpenglCore::update(void)" (?update@hpOpenglCore@opengl@hp@@QEAAXXZ) 함수에서 참조되는 확인할 수 없는 외부 기호
highp3d-Renderer-Opengl-3.3.lib(hpOpenglCore.obj) : error LNK2019: glfwGetProcAddress"public: int __cdecl hp::opengl::hpOpenglCore::init(int,int,char const *)" (?init@hpOpenglCore@opengl@hp@@QEAAHHHPEBD@Z) 함수에서 참조되는 확인할 수 없는 외부 기호
highp3d-Renderer-Opengl-3.3.lib(hpCallbacks.obj) : error LNK2019: glfwSetWindowShouldClose"public: static void __cdecl hp::opengl::hpCallbacks::Callback_On_Keyboard_Receive(struct GLFWwindow *,int,int,int,int)" (?Callback_On_Keyboard_Receive@hpCallbacks@opengl@hp@@SAXPEAUGLFWwindow@@HHHH@Z) 함수에서 참조되는 확인할 수 없는 외부 기호
highp3d-Renderer-Opengl-3.3.lib(hpCallbacks.obj) : error LNK2019: glfwGetKey"public: static void __cdecl hp::opengl::hpCallbacks::Callback_On_Keyboard_Receive(struct GLFWwindow *,int,int,int,int)" (?Callback_On_Keyboard_Receive@hpCallbacks@opengl@hp@@SAXPEAUGLFWwindow@@HHHH@Z) 함수에서 참조되는 확인할 수 없는 외부 기호
E:\Dev\highp3d\Lib\glfw3dll.lib : warning LNK4272: 'x86' 라이브러리 컴퓨터 종류가 'x64' 대상 컴퓨터 종류와 충돌합니다.
E:\Dev\highp3d\Lib\glfw3.lib : warning LNK4272: 'x86' 라이브러리 컴퓨터 종류가 'x64' 대상 컴퓨터 종류와 충돌합니다.
E:\Dev\highp3d\Lib\freetype.lib : warning LNK4272: 'x86' 라이브러리 컴퓨터 종류가 'x64' 대상 컴퓨터 종류와 충돌합니다.
E:\Dev\highp3d\Lib\assimp.lib : warning LNK4272: 'x86' 라이브러리 컴퓨터 종류가 'x64' 대상 컴퓨터 종류와 충돌합니다.
E:\Dev\highp3d\Build\highp3d-View.exe : fatal error LNK1120: 15개의 확인할 수 없는 외부 참조입니다.
