e:\dev\highp3d\intermediate\vc142.pdb
e:\dev\highp3d\intermediate\vc142.idb
e:\dev\highp3d\intermediate\glad.obj
e:\dev\highp3d\intermediate\viewmain.obj
e:\dev\highp3d\intermediate\view.obj
e:\dev\highp3d\intermediate\hpascii.obj
e:\dev\highp3d\intermediate\hpcallbacks.obj
e:\dev\highp3d\intermediate\hpcast.obj
e:\dev\highp3d\intermediate\hpdebug.obj
e:\dev\highp3d\intermediate\hpenginescriptholder.obj
e:\dev\highp3d\intermediate\hpopenglcore.obj
e:\dev\highp3d\intermediate\hpopenglshader.obj
e:\dev\highp3d\intermediate\hprandom.obj
e:\dev\highp3d\intermediate\hpstring.obj
e:\dev\highp3d\intermediate\highp3d-renderer-opengl-3.3.idb
e:\dev\highp3d\intermediate\highp3d-util.idb
e:\dev\highp3d\intermediate\highp3d.idb
e:\dev\highp3d\intermediate\highp3d-renderer-opengl-3.3.pdb
e:\dev\highp3d\intermediate\highp3d-util.pdb
e:\dev\highp3d\intermediate\highp3d.pdb
e:\dev\highp3d\build\highp3d-view.pdb
e:\dev\highp3d\intermediate\highp3d-view.tlog\cl.command.1.tlog
e:\dev\highp3d\intermediate\highp3d-view.tlog\cl.read.1.tlog
e:\dev\highp3d\intermediate\highp3d-view.tlog\cl.write.1.tlog
e:\dev\highp3d\intermediate\highp3d-view.tlog\link-cvtres.read.1.tlog
e:\dev\highp3d\intermediate\highp3d-view.tlog\link-cvtres.write.1.tlog
e:\dev\highp3d\intermediate\highp3d-view.tlog\link-rc.read.1.tlog
e:\dev\highp3d\intermediate\highp3d-view.tlog\link-rc.write.1.tlog
e:\dev\highp3d\intermediate\highp3d-view.tlog\link.command.1.tlog
e:\dev\highp3d\intermediate\highp3d-view.tlog\link.read.1.tlog
e:\dev\highp3d\intermediate\highp3d-view.tlog\link.write.1.tlog
